PhotoDemo/dynamic/build/outputs/logs/manifest-merger-debug-report.txt
-- Merging decision tree log ---
manifest
ADDED from src\main\AndroidManifest.xml:2:1-41:12
	package
		ADDED from src\main\AndroidManifest.xml:3:5-26
		INJECTED from src\main\AndroidManifest.xml
		INJECTED from src\main\AndroidManifest.xml
	android:versionName
		ADDED from src\main\AndroidManifest.xml:5:5-30
		INJECTED from src\main\AndroidManifest.xml
		INJECTED from src\main\AndroidManifest.xml
	android:versionCode
		ADDED from src\main\AndroidManifest.xml:4:5-28
		INJECTED from src\main\AndroidManifest.xml
		INJECTED from src\main\AndroidManifest.xml
	xmlns:android
		ADDED from src\main\AndroidManifest.xml:2:11-69
uses-sdk
ADDED from src\main\AndroidManifest.xml:7:5-9:41
	android:targetSdkVersion
		ADDED from src\main\AndroidManifest.xml:9:9-38
		INJECTED from src\main\AndroidManifest.xml
		INJECTED from src\main\AndroidManifest.xml
	android:minSdkVersion
		ADDED from src\main\AndroidManifest.xml:8:9-34
		INJECTED from src\main\AndroidManifest.xml
		INJECTED from src\main\AndroidManifest.xml
uses-feature#android.hardware.camera
ADDED from src\main\AndroidManifest.xml:11:5-60
	android:name
		ADDED from src\main\AndroidManifest.xml:11:19-57
uses-feature#android.hardware.camera.autofocus
ADDED from src\main\AndroidManifest.xml:12:5-70
	android:name
		ADDED from src\main\AndroidManifest.xml:12:19-67
uses-permission#android.permission.CAMERA
ADDED from src\main\AndroidManifest.xml:14:5-65
	android:name
		ADDED from src\main\AndroidManifest.xml:14:22-62
uses-permission#android.permission.WRITE_EXTERNAL_STORAGE
ADDED from src\main\AndroidManifest.xml:15:5-81
	android:name
		ADDED from src\main\AndroidManifest.xml:15:22-78
application
ADDED from src\main\AndroidManifest.xml:17:5-39:19
	android:label
		ADDED from src\main\AndroidManifest.xml:20:9-41
	android:allowBackup
		ADDED from src\main\AndroidManifest.xml:18:9-35
	android:icon
		ADDED from src\main\AndroidManifest.xml:19:9-45
	android:theme
		ADDED from src\main\AndroidManifest.xml:21:9-40
activity#com.dynamic.MainActivity
ADDED from src\main\AndroidManifest.xml:22:9-31:20
	android:label
		ADDED from src\main\AndroidManifest.xml:24:13-45
	android:theme
		ADDED from src\main\AndroidManifest.xml:25:13-60
	android:name
		ADDED from src\main\AndroidManifest.xml:23:13-52
intent-filter#android.intent.action.MAIN+android.intent.category.LAUNCHER
ADDED from src\main\AndroidManifest.xml:26:13-30:29
action#android.intent.action.MAIN
ADDED from src\main\AndroidManifest.xml:27:17-69
	android:name
		ADDED from src\main\AndroidManifest.xml:27:25-66
category#android.intent.category.LAUNCHER
ADDED from src\main\AndroidManifest.xml:29:17-77
	android:name
		ADDED from src\main\AndroidManifest.xml:29:27-74
activity#com.dynamic.PhotoActivity
ADDED from src\main\AndroidManifest.xml:32:10-36:20
	android:label
		ADDED from src\main\AndroidManifest.xml:34:13-45
	android:theme
		ADDED from src\main\AndroidManifest.xml:35:13-60
	android:name
		ADDED from src\main\AndroidManifest.xml:33:13-53